2025-04-08 21:48:41,498 - INFO - Starting debug at 2025-04-08 21:48:41.498350
2025-04-08 21:48:42,519 - INFO - Connected to network: True
2025-04-08 21:48:42,520 - INFO - Using account: 0xD8e187c840c8A1D320B19281A8AfAf51D161B397
2025-04-08 21:48:42,520 - INFO - Loading ABI from: D:\Uniswap-Decentralized-Marketplace\Phase3_Smart_Contract\test\..\artifacts\contracts\PredictiveLiquidityManager.sol\PredictiveLiquidityManager.json
2025-04-08 21:48:47,605 - INFO - Contract configuration:
2025-04-08 21:48:47,605 - INFO - - Token0: 0x1c7D4B196Cb0C7B01d743Fbc6116a902379C7238 (Decimals: 6)
2025-04-08 21:48:47,606 - INFO - - Token1: 0x7b79995e5f793A07Bc00c21412e50Ecae098E7f9 (Decimals: 18)
2025-04-08 21:48:47,606 - INFO - - Fee: 3000
2025-04-08 21:48:47,607 - INFO - - Tick Spacing: 60
2025-04-08 21:48:47,608 - INFO - - WETH9 Address: 0x7b79995e5f793A07Bc00c21412e50Ecae098E7f9
2025-04-08 21:48:48,342 - INFO - Contract balances:
2025-04-08 21:48:48,343 - INFO - - Token0: 20000000
2025-04-08 21:48:48,343 - INFO - - Token1: 10000000000000000
2025-04-08 21:48:48,343 - INFO - - WETH: 10000000000000000
2025-04-08 21:48:49,070 - INFO - No active position exists
2025-04-08 21:48:49,070 - ERROR - Error getting current price info: ("The function '_getCurrentSqrtPriceAndTick' was not found in this ", "contract's abi.")
2025-04-08 21:48:49,071 - INFO - Testing price: 1538.4797 (1538479700000000180224 wei)
2025-04-08 21:48:49,071 - ERROR - Error converting price to tick: ("The function '_priceToTick' was not found in this ", "contract's abi.")
2025-04-08 21:48:49,072 - INFO - Simulating updatePredictionAndAdjust transaction...
2025-04-08 21:48:49,816 - ERROR - Simulation failed: ('execution reverted: SafeMath: multiplication overflow', '0x08c379a000000000000000000000000000000000000000000000000000000000000000200000000000000000000000000000000000000000000000000000000000000021536166654d6174683a206d756c7469706c69636174696f6e206f766572666c6f7700000000000000000000000000000000000000000000000000000000000000')
2025-04-08 21:48:49,818 - ERROR - Transaction would revert with reason: ('execution reverted: SafeMath: multiplication overflow', '0x08c379a000000000000000000000000000000000000000000000000000000000000000200000000000000000000000000000000000000000000000000000000000000021536166654d6174683a206d756c7469706c69636174696f6e206f766572666c6f7700000000000000000000000000000000000000000000000000000000000000')
2025-04-08 21:48:50,551 - INFO - Pool address: 0xC31a3878E3B0739866F8fC52b97Ae9611aBe427c
2025-04-08 21:48:50,552 - INFO - Debug completed at 2025-04-08 21:48:50.552635
2025-04-08 21:50:53,182 - INFO - Starting debug at 2025-04-08 21:50:53.182688
2025-04-08 21:50:54,144 - INFO - Connected to network: True
2025-04-08 21:50:54,146 - INFO - Using account: 0xD8e187c840c8A1D320B19281A8AfAf51D161B397
2025-04-08 21:50:54,146 - INFO - Loading ABI from: D:\Uniswap-Decentralized-Marketplace\Phase3_Smart_Contract\test\..\artifacts\contracts\PredictiveLiquidityManager.sol\PredictiveLiquidityManager.json
2025-04-08 21:50:59,329 - INFO - Contract configuration:
2025-04-08 21:50:59,329 - INFO - - Token0: 0x1c7D4B196Cb0C7B01d743Fbc6116a902379C7238 (Decimals: 6)
2025-04-08 21:50:59,330 - INFO - - Token1: 0x7b79995e5f793A07Bc00c21412e50Ecae098E7f9 (Decimals: 18)
2025-04-08 21:50:59,330 - INFO - - Fee: 3000
2025-04-08 21:50:59,331 - INFO - - Tick Spacing: 60
2025-04-08 21:50:59,331 - INFO - - WETH9 Address: 0x7b79995e5f793A07Bc00c21412e50Ecae098E7f9
2025-04-08 21:51:00,073 - INFO - Contract balances:
2025-04-08 21:51:00,074 - INFO - - Token0: 20000000
2025-04-08 21:51:00,074 - INFO - - Token1: 10000000000000000
2025-04-08 21:51:00,074 - INFO - - WETH: 10000000000000000
2025-04-08 21:51:00,823 - INFO - No active position exists
2025-04-08 21:51:00,823 - ERROR - Error getting current price info: ("The function '_getCurrentSqrtPriceAndTick' was not found in this ", "contract's abi.")
2025-04-08 21:51:00,824 - INFO - Testing price with 6 decimals: 1538479700
2025-04-08 21:51:00,824 - INFO - Simulating updatePredictionAndAdjust with 6 decimals...
2025-04-08 21:51:01,584 - ERROR - Simulation with 6 decimals failed: ('execution reverted: SafeMath: multiplication overflow', '0x08c379a000000000000000000000000000000000000000000000000000000000000000200000000000000000000000000000000000000000000000000000000000000021536166654d6174683a206d756c7469706c69636174696f6e206f766572666c6f7700000000000000000000000000000000000000000000000000000000000000')
2025-04-08 21:51:01,585 - INFO - Testing price with 8 decimals: 153847970000
2025-04-08 21:51:01,586 - INFO - Simulating updatePredictionAndAdjust with 8 decimals...
2025-04-08 21:51:02,278 - ERROR - Simulation with 8 decimals failed: ('execution reverted: SafeMath: multiplication overflow', '0x08c379a000000000000000000000000000000000000000000000000000000000000000200000000000000000000000000000000000000000000000000000000000000021536166654d6174683a206d756c7469706c69636174696f6e206f766572666c6f7700000000000000000000000000000000000000000000000000000000000000')
2025-04-08 21:51:02,279 - INFO - Testing price with 10 decimals: 15384797000000
2025-04-08 21:51:02,280 - INFO - Simulating updatePredictionAndAdjust with 10 decimals...
2025-04-08 21:51:03,026 - ERROR - Simulation with 10 decimals failed: ('execution reverted: SafeMath: multiplication overflow', '0x08c379a000000000000000000000000000000000000000000000000000000000000000200000000000000000000000000000000000000000000000000000000000000021536166654d6174683a206d756c7469706c69636174696f6e206f766572666c6f7700000000000000000000000000000000000000000000000000000000000000')
2025-04-08 21:51:03,027 - INFO - Testing price with 12 decimals: 1538479700000000
2025-04-08 21:51:03,028 - INFO - Simulating updatePredictionAndAdjust with 12 decimals...
2025-04-08 21:51:03,753 - ERROR - Simulation with 12 decimals failed: ('execution reverted: SafeMath: multiplication overflow', '0x08c379a000000000000000000000000000000000000000000000000000000000000000200000000000000000000000000000000000000000000000000000000000000021536166654d6174683a206d756c7469706c69636174696f6e206f766572666c6f7700000000000000000000000000000000000000000000000000000000000000')
2025-04-08 21:51:04,479 - INFO - Pool address: 0xC31a3878E3B0739866F8fC52b97Ae9611aBe427c
2025-04-08 21:51:04,479 - INFO - Debug completed at 2025-04-08 21:51:04.479688
2025-04-08 21:59:44,402 - INFO - Starting debug at 2025-04-08 21:59:44.402017
2025-04-08 21:59:45,248 - INFO - Connected to network: True
2025-04-08 21:59:45,249 - INFO - Using account: 0xD8e187c840c8A1D320B19281A8AfAf51D161B397
2025-04-08 21:59:45,251 - INFO - Loading ABI from: D:\Uniswap-Decentralized-Marketplace\Phase3_Smart_Contract\test\..\artifacts\contracts\PredictiveLiquidityManager.sol\PredictiveLiquidityManager.json
2025-04-08 21:59:50,494 - INFO - Contract configuration:
2025-04-08 21:59:50,495 - INFO - - Token0: 0x1c7D4B196Cb0C7B01d743Fbc6116a902379C7238 (Decimals: 6)
2025-04-08 21:59:50,496 - INFO - - Token1: 0x7b79995e5f793A07Bc00c21412e50Ecae098E7f9 (Decimals: 18)
2025-04-08 21:59:50,497 - INFO - - Fee: 3000
2025-04-08 21:59:50,498 - INFO - - Tick Spacing: 60
2025-04-08 21:59:50,498 - INFO - - WETH9 Address: 0x7b79995e5f793A07Bc00c21412e50Ecae098E7f9
2025-04-08 21:59:51,235 - INFO - Contract balances:
2025-04-08 21:59:51,236 - INFO - - Token0: 20000000
2025-04-08 21:59:51,236 - INFO - - Token1: 10000000000000000
2025-04-08 21:59:51,237 - INFO - - WETH: 10000000000000000
2025-04-08 21:59:51,979 - INFO - No active position exists
2025-04-08 21:59:51,980 - ERROR - Error getting current price info: ("The function '_getCurrentSqrtPriceAndTick' was not found in this ", "contract's abi.")
2025-04-08 21:59:51,982 - INFO - Testing with simple price value: 1
2025-04-08 21:59:51,983 - INFO - Simulating updatePredictionAndAdjust with price 1...
2025-04-08 21:59:52,726 - INFO - Simulation with price 1 SUCCESSFUL!
2025-04-08 21:59:52,726 - INFO - Found working price: 1
2025-04-08 21:59:53,464 - INFO - Pool address: 0xC31a3878E3B0739866F8fC52b97Ae9611aBe427c
2025-04-08 21:59:53,465 - INFO - Debug completed at 2025-04-08 21:59:53.465665
